C51 COMPILER V9.01   7_SEGMENT                                                             03/30/2023 10:09:09 PAGE 1   


C51 COMPILER V9.01, COMPILATION OF MODULE 7_SEGMENT
OBJECT MODULE PLACED IN .\Output\7_segment.obj
COMPILER INVOKED BY: D:\Keil\C51\BIN\C51.EXE ..\driver\7_segment.c LARGE OPTIMIZE(7,SPEED) BROWSE INCDIR(..\Library\Devi
                    -ce\Include;..\Library\StdDriver\inc;..\user;..\driver;..\bsp;..\Include;..\common) DEBUG OBJECTEXTEND PRINT(.\LST\7_segm
                    -ent.lst) TABS(2) OBJECT(.\Output\7_segment.obj)

line level    source

   1          /*
   2           * 7_segment.c
   3           *
   4           *  Created on: 2018年8月1日
   5           *      Author: Administrator
   6           */
   7          #include  "common.h"
   8          #include "7_segment.h"
   9          
  10          
  11          
  12          
  13           const u8 seg_num[]=
  14          {
  15          #if(0)
                //共阳，低电平点亮
                ~(a|b|c|d|e|f),//0
                ~(b|c),//1
                ~(a|b|g|e|d),//2
                ~(a|b|c|d|g),//3
                ~(f|g|b|c),//4
                ~(a|f|g|c|d),//5
                ~(a|f|e|d|c|g),//6
                ~(a|b|c),//7
                ~(a|b|c|d|e|f|g),//8,all on
                ~(a|f|g|c|d|b),//9
                ~0x00,//all off
                ~(a|f|g|e|d),//e
                ~(a|f|g|e)//f
              #else
  31            //共阴，高电平点亮
  32              (a|b|c|d|e|f),//0
  33              (b|c),//1
  34              (a|b|g|e|d),//2
  35              (a|b|c|d|g),//3
  36              (f|g|b|c),//4
  37              (a|f|g|c|d),//5
  38              (a|f|e|d|c|g),//6
  39              (a|b|c),//7
  40              (a|b|c|d|e|f|g),//8,all on
  41              (a|f|g|c|d|b),//9
  42              0x00,//all off
  43              (a|f|g|e|d),//e
  44              (a|f|g|e)//f
  45          #endif
  46          };
  47          
  48          
  49          


MODULE INFORMATION:   STATIC OVERLAYABLE
   CODE SIZE        =   ----    ----
C51 COMPILER V9.01   7_SEGMENT                                                             03/30/2023 10:09:09 PAGE 2   

   CONSTANT SIZE    =   ----    ----
   XDATA SIZE       =     13    ----
   PDATA SIZE       =   ----    ----
   DATA SIZE        =   ----    ----
   IDATA SIZE       =   ----    ----
   BIT SIZE         =   ----    ----
END OF MODULE INFORMATION.


C51 COMPILATION COMPLETE.  0 WARNING(S),  0 ERROR(S)
