C51 COMPILER V9.01   AIP1628                                                               03/30/2023 10:09:09 PAGE 1   


C51 COMPILER V9.01, COMPILATION OF MODULE AIP1628
OBJECT MODULE PLACED IN .\Output\aip1628.obj
COMPILER INVOKED BY: D:\Keil\C51\BIN\C51.EXE ..\driver\aip1628.c LARGE OPTIMIZE(7,SPEED) BROWSE INCDIR(..\Library\Device
                    -\Include;..\Library\StdDriver\inc;..\user;..\driver;..\bsp;..\Include;..\common) DEBUG OBJECTEXTEND PRINT(.\LST\aip1628.
                    -lst) TABS(2) OBJECT(.\Output\aip1628.obj)

line level    source

   1          /*
   2           * AIP1628.c
   3           *
   4           *  Created on: 2018年8月1日
   5           *      Author: Administrator
   6           */
   7          #include "aip1628.h"
   8          
   9          #include "common.h"
  10          #include "7_segment.h"
  11          
  12          
  13          
  14          /**
  15           * 硬件接口连接定义
  16           */
  17          #define TM_CS   (P13)
  18          #define TM_DIO  (P11)
  19          #define TM_CLK  (P12)
  20          
  21          
  22          /**
  23           * CS:低电平有效
  24           * CLK:上升沿有效，即：低电平时候需要稳定数据。
  25           */
  26          static void wt_byte(u8 dat)
  27          {
  28   1        u8 i;
  29   1        for(i=0;i<8;i++)
  30   1        {
  31   2          TM_CLK=0;
  32   2          TM_DIO = (dat &0x01);
  33   2          dat>>=1;
  34   2          TM_CLK=1;
  35   2      
  36   2        }
  37   1      }
  38          
  39          
  40          
  41          
  42          void aip1628_write_byte(u8 addr,u8 dat)
  43          {
  44   1        TM_CS=0;
  45   1        wt_byte(ADDR_CMD|addr);
  46   1        wt_byte(dat);
  47   1      //  wt_byte((u8)(dat>>8));
  48   1        TM_CS=1;
  49   1      
  50   1      }
  51          
  52          
  53          void aip1628_write_nbytes(u8 addr,u8 *p, u8 len)
C51 COMPILER V9.01   AIP1628                                                               03/30/2023 10:09:09 PAGE 2   

  54          {
  55   1           TM_CS=0;
  56   1          wt_byte(ADDR_CMD|addr);
  57   1          for(;len>0;len--)
  58   1          {
  59   2            wt_byte(*p);
  60   2            p++;
  61   2          }
  62   1          TM_CS=1;
  63   1      }
  64          
  65          
  66          void set_aip1628_lighte_scale(u8 scale)
  67          {
  68   1        //打开显示
  69   1        TM_CS=0;
  70   1        wt_byte(DISP_CTR_CMD |DISP_ON |scale);
  71   1        TM_CS=1;
  72   1      }
  73          
  74          
  75          
  76          void aip1628_init(void)
  77          {
  78   1      
  79   1        //设置 显示模式：5位9段
  80   1        TM_CS=0;
  81   1        wt_byte(DISP_MODLE_CMD |B5S9);
  82   1        TM_CS=1;
  83   1      
  84   1        //数据模式
  85   1        TM_CS=0;
  86   1        wt_byte(DATA_CMD|WT_DISP_REG |ADDR_AUTO_INC);
  87   1        TM_CS=1;
  88   1      
  89   1      
  90   1        set_aip1628_lighte_scale(EXTINCTION_SCALE);
  91   1      }
  92          
  93          
  94          
  95          
  96          


MODULE INFORMATION:   STATIC OVERLAYABLE
   CODE SIZE        =    116    ----
   CONSTANT SIZE    =   ----    ----
   XDATA SIZE       =   ----       5
   PDATA SIZE       =   ----    ----
   DATA SIZE        =   ----    ----
   IDATA SIZE       =   ----    ----
   BIT SIZE         =   ----    ----
END OF MODULE INFORMATION.


C51 COMPILATION COMPLETE.  0 WARNING(S),  0 ERROR(S)
