C51 COMPILER V9.01   COMMON                                                                03/30/2023 10:09:10 PAGE 1   


C51 COMPILER V9.01, COMPILATION OF MODULE COMMON
OBJECT MODULE PLACED IN .\Output\Common.obj
COMPILER INVOKED BY: D:\Keil\C51\BIN\C51.EXE ..\Common\Common.c LARGE OPTIMIZE(7,SPEED) BROWSE INCDIR(..\Library\Device\
                    -Include;..\Library\StdDriver\inc;..\user;..\driver;..\bsp;..\Include;..\common) DEBUG OBJECTEXTEND PRINT(.\LST\Common.ls
                    -t) TABS(2) OBJECT(.\Output\Common.obj)

line level    source

   1          /*--------------------------------------------------------------------------------------------------------
             --*/
   2          /*                                                                                                        
             - */
   3          /* Copyright(c) 2016 Nuvoton Technology Corp. All rights reserved.                                        
             - */
   4          /*                                                                                                        
             - */
   5          /*--------------------------------------------------------------------------------------------------------
             --*/
   6          
   7          //********************************************************************************************************
             -***
   8          //  Nuvoton Technoledge Corp. 
   9          //  Website: http://www.nuvoton.com
  10          //  E-Mail : MicroC-8bit@nuvoton.com
  11          //  Date   : Apr/21/2016
  12          //********************************************************************************************************
             -***
  13          
  14          #include "N76E003.h"
  15          #include "Common.h"
  16          #include "Delay.h"
  17          #include "SFR_Macro.h"
  18          #include "Function_define.h"
  19          
  20          
  21          
  22          
  23          
  24          //---------------------------------------------------------------
  25          void InitialUART0_Timer3(UINT32 u32Baudrate) //use timer3 as Baudrate generator
  26          {
  27   1          P06_Quasi_Mode;   //Setting UART pin as Quasi mode for transmit
  28   1          P07_Quasi_Mode;   //Setting UART pin as Quasi mode for transmit
  29   1      
  30   1          SCON = 0x50;     //UART0 Mode1,REN=1,TI=1
  31   1          set_SMOD;        //UART0 Double Rate Enable
  32   1          T3CON &= 0xF8;   //T3PS2=0,T3PS1=0,T3PS0=0(Prescale=1)
  33   1          set_BRCK;        //UART0 baud rate clock source = Timer3
  34   1      
  35   1      #ifdef FOSC_160000
                  RH3    = HIBYTE(65536 - (1000000/u32Baudrate)-1);     /*16 MHz */
                  RL3    = LOBYTE(65536 - (1000000/u32Baudrate)-1);     /*16 MHz */
              #endif
  39   1      #ifdef FOSC_166000
  40   1          RH3    = HIBYTE(65536 - (1037500/u32Baudrate));       /*16.6 MHz */
  41   1          RL3    = LOBYTE(65536 - (1037500/u32Baudrate));       /*16.6 MHz */
  42   1      #endif
  43   1          set_TR3;         //Trigger Timer3
  44   1        set_TI;          //For printf function must setting TI = 1
  45   1      }
  46          
C51 COMPILER V9.01   COMMON                                                                03/30/2023 10:09:10 PAGE 2   

  47          
  48          /*==========================================================================*/
  49          #ifdef SW_Reset_EN
  50          void SW_Reset(void)
  51          {
  52   1          TA = 0xAA;
  53   1          TA = 0x55;
  54   1          set_SWRST;
  55   1      }
  56          #endif
  57          /*==========================================================================*/


MODULE INFORMATION:   STATIC OVERLAYABLE
   CODE SIZE        =    151    ----
   CONSTANT SIZE    =   ----    ----
   XDATA SIZE       =   ----       4
   PDATA SIZE       =   ----    ----
   DATA SIZE        =   ----    ----
   IDATA SIZE       =   ----    ----
   BIT SIZE         =   ----    ----
END OF MODULE INFORMATION.


C51 COMPILATION COMPLETE.  0 WARNING(S),  0 ERROR(S)
