C51 COMPILER V9.01   INDECATE                                                              03/30/2023 10:09:09 PAGE 1   


C51 COMPILER V9.01, COMPILATION OF MODULE INDECATE
OBJECT MODULE PLACED IN .\Output\indecate.obj
COMPILER INVOKED BY: D:\Keil\C51\BIN\C51.EXE ..\driver\indecate.c LARGE OPTIMIZE(7,SPEED) BROWSE INCDIR(..\Library\Devic
                    -e\Include;..\Library\StdDriver\inc;..\user;..\driver;..\bsp;..\Include;..\common) DEBUG OBJECTEXTEND PRINT(.\LST\indecat
                    -e.lst) TABS(2) OBJECT(.\Output\indecate.obj)

line level    source

   1          /*
   2           * indecate.c
   3           *
   4           *  Created on: 2018Äê8ÔÂ1ÈÕ
   5           *      Author: Administrator
   6           */
   7          #include "common.h"
   8          #include "indecate.h"
   9          #include "aip1628.h"
  10          #include "7_segment.h"
  11          
  12          
  13          
  14          indecate_t   indecate;
  15          
  16          u8  indecate_update_flag=0;
  17          
  18          
  19          
  20          
  21          
  22          void disp_update(void)
  23          {
  24   1        if(indecate_update_flag)
  25   1        {
  26   2          indecate_update_flag=0;
  27   2          aip1628_write_byte(0,indecate.seg[0]);
  28   2          aip1628_write_byte(2,indecate.seg[1]);
  29   2          aip1628_write_byte(4,indecate.seg[2]);
  30   2          aip1628_write_byte(6,indecate.seg[3]);
  31   2          aip1628_write_byte(8,((u8*)&indecate)[4]);
  32   2        }
  33   1      
  34   1      }
  35          
  36          
  37          


MODULE INFORMATION:   STATIC OVERLAYABLE
   CODE SIZE        =     57    ----
   CONSTANT SIZE    =   ----    ----
   XDATA SIZE       =      6    ----
   PDATA SIZE       =   ----    ----
   DATA SIZE        =   ----    ----
   IDATA SIZE       =   ----    ----
   BIT SIZE         =   ----    ----
END OF MODULE INFORMATION.


C51 COMPILATION COMPLETE.  0 WARNING(S),  0 ERROR(S)
