C51 COMPILER V9.01   QUEUE                                                                 03/30/2023 10:09:09 PAGE 1   


C51 COMPILER V9.01, COMPILATION OF MODULE QUEUE
OBJECT MODULE PLACED IN .\Output\queue.obj
COMPILER INVOKED BY: D:\Keil\C51\BIN\C51.EXE ..\user\queue.c LARGE OPTIMIZE(7,SPEED) BROWSE INCDIR(..\Library\Device\Inc
                    -lude;..\Library\StdDriver\inc;..\user;..\driver;..\bsp;..\Include;..\common) DEBUG OBJECTEXTEND PRINT(.\LST\queue.lst) T
                    -ABS(2) OBJECT(.\Output\queue.obj)

line level    source

   1          /*****************=======================================*********** 
   2           * 文件名  ：xxx.c
   3           * 描述    ：
   4           *          
   5           * 硬件平台：
   6           *         
   7           * 硬件连接：
   8           * 库版本  ：
   9           *
  10           * 作者    ：BrantYu
  11           * 日期    ：
  12           * 修改历史：
  13           * v1.0:
  14          *******************************************************************/
  15          
  16          /* common  Includes ------------------------------------------------------------------*/
  17          #include "common.h"
  18          
  19          /* User  Includes ------------------------------------------------------------------*/
  20          
  21          #include "queue.h"
  22          
  23          /* Micro  define  ------------------------------------------------------------------*/
  24          
  25          /* Type  define  ------------------------------------------------------------------*/
  26          // 函数指针定义
  27          /*
  28            void (*pfunc) (void);
  29            u8   (*pfunc) (u8,u8);
  30          */
  31          
  32          
  33          /*Eextern  variable  And function  Declaration------------------------------------------*/
  34          
  35          
  36          /* Local   variable  And function  Declaration-------------------------------------------*/
  37          //static 
  38          
  39          
  40          /* Global   variable  And function  Declaration------------------------------------------*/
  41          
  42          
  43          
  44          /* User    code  As below     ----------------------------------------------------------*/
  45          
  46          /**************************************************
  47          @ 作者：BrantYu In suzhou
  48          @ 函数名称：
  49          @ 调用关系（内部/外部）：
  50          @ 作用：
  51          @ 参数：
  52            输入参数：
  53              1：无
C51 COMPILER V9.01   QUEUE                                                                 03/30/2023 10:09:09 PAGE 2   

  54            输入参数：无  
  55            返回：无
  56          @ 修改历史：
  57            时间：
  58            修改内容：无
  59          **************************************************/
  60          void Create_Queue(T_QUEUE *Q,u8 *pbuff,u32 maxsize)
  61          {
  62   1        Q->pBase=pbuff; 
  63   1        Q->front=0;         //初始化参数
  64   1        Q->rear=0;
  65   1        Q->maxsize=maxsize;
  66   1      }
  67          
  68          
  69          /**************************************************
  70          @ 作者：BrantYu In suzhou
  71          @ 函数名称：
  72          @ 调用关系（内部/外部）：
  73          @ 作用：
  74          @ 参数：
  75            输入参数：
  76              1：无
  77            输入参数：无  
  78            返回：无
  79          @ 修改历史：
  80            时间：
  81            修改内容：无
  82          **************************************************/
  83           u8  Is_Full_Queue(T_QUEUE *Q)
  84          {
  85   1        if(Q->front==(Q->rear+1)%Q->maxsize)    //判断循环链表是否满，留一个预留空间不用
  86   1          return 1;
  87   1        else
  88   1          return 0;
  89   1      }
  90          
  91          /**************************************************
  92          @ 作者：BrantYu In suzhou
  93          @ 函数名称：
  94          @ 调用关系（内部/外部）：
  95          @ 作用：
  96          @ 参数：
  97            输入参数：
  98              1：无
  99            输入参数：无  
 100            返回：无
 101          @ 修改历史：
 102            时间：
 103            修改内容：无
 104          **************************************************/
 105          static u8 Is_Empty_Queue(T_QUEUE *Q)
 106          {
 107   1        if(Q->front==Q->rear)    //判断是否为空
 108   1          return 1;
 109   1        else
 110   1          return 0;
 111   1      }
 112          
 113          
 114          /**************************************************
 115          @ 作者：BrantYu In suzhou
C51 COMPILER V9.01   QUEUE                                                                 03/30/2023 10:09:09 PAGE 3   

 116          @ 函数名称：
 117          @ 调用关系（内部/外部）：
 118          @ 作用：
 119          @ 参数：
 120            输入参数：
 121              1：无
 122            输入参数：无  
 123            返回：无
 124          @ 修改历史：
 125            时间：
 126            修改内容：无
 127          **************************************************/
 128          u8  Enter_queue(T_QUEUE *Q, u8 val)
 129          {
 130   1        if(Is_Full_Queue(Q))
 131   1          return 0;
 132   1        else
 133   1        {
 134   2          Q->pBase[Q->rear]=val;
 135   2          Q->rear=(Q->rear+1)%Q->maxsize;
 136   2          return 1;
 137   2        }
 138   1      }
 139          
 140          /**************************************************
 141          @ 作者：BrantYu In suzhou
 142          @ 函数名称：
 143          @ 调用关系（内部/外部）：
 144          @ 作用：
 145          @ 参数：
 146            输入参数：
 147              1：无
 148            输入参数：无  
 149            返回：无
 150          @ 修改历史：
 151            时间：
 152            修改内容：无
 153          **************************************************/
 154          u8 Denter_queue(T_QUEUE *Q, u8 *val)
 155          {
 156   1        if(Is_Empty_Queue(Q))
 157   1        {
 158   2          return 0;
 159   2        }
 160   1        else
 161   1        {
 162   2          *val=Q->pBase[Q->front];
 163   2          Q->front=(Q->front+1)%Q->maxsize;
 164   2          return 1;
 165   2        }
 166   1      }
 167          
 168          
 169          
 170          


MODULE INFORMATION:   STATIC OVERLAYABLE
   CODE SIZE        =    472    ----
   CONSTANT SIZE    =   ----    ----
   XDATA SIZE       =   ----      23
   PDATA SIZE       =   ----    ----
C51 COMPILER V9.01   QUEUE                                                                 03/30/2023 10:09:09 PAGE 4   

   DATA SIZE        =   ----    ----
   IDATA SIZE       =   ----    ----
   BIT SIZE         =   ----    ----
END OF MODULE INFORMATION.


C51 COMPILATION COMPLETE.  0 WARNING(S),  0 ERROR(S)
