C51 COMPILER V8.16   TIMER0_M1                                                             10/22/2020 13:16:42 PAGE 1   


C51 COMPILER V8.16, COMPILATION OF MODULE TIMER0_M1
OBJECT MODULE PLACED IN .\Output\Timer0_M1.obj
COMPILER INVOKED BY: C:\Keil_ARM\C51\BIN\C51.EXE ..\bsp\Timer0_M1.c LARGE OPTIMIZE(7,SPEED) BROWSE INCDIR(..\Library\Dev
                    -ice\Include;..\Library\StdDriver\inc;..\user;..\driver;..\bsp;..\Include;..\common) DEFINE(FOSC_166000) DEBUG OBJECTEXTE
                    -ND PRINT(.\LST\Timer0_M1.lst) TABS(2) OBJECT(.\Output\Timer0_M1.obj)

line level    source

   1          /*--------------------------------------------------------------------------------------------------------
             --*/
   2          /*                                                                                                        
             - */
   3          /* Copyright(c) 2019 Nuvoton Technology Corp. All rights reserved.                                        
             - */
   4          /*                                                                                                        
             - */
   5          /*--------------------------------------------------------------------------------------------------------
             --*/
   6          
   7          //********************************************************************************************************
             -***
   8          //  Website: http://www.nuvoton.com
   9          //  E-Mail : MicroC-8bit@nuvoton.com
  10          //  Date   : Jan/21/2019
  11          //********************************************************************************************************
             -***
  12          
  13          //********************************************************************************************************
             -***
  14          //  File Function: MS51 timer mode 1, 16bit timer demo
  15          //********************************************************************************************************
             -***
  16          #include "MS51.H"
*** WARNING C318 IN LINE 292 OF C:\KEIL_ARM\C51\INC\NUVOTON\MS51.H: can't open file 'sys.h'
*** ERROR C231 IN LINE 9 OF \HEXINYUAN_PROJECT\BRANTYU项目交接\新建文件夹\ORIGIN\INCLUDE\N76E003.H: 'P0': redefinition
*** ERROR C231 IN LINE 10 OF \HEXINYUAN_PROJECT\BRANTYU项目交接\新建文件夹\ORIGIN\INCLUDE\N76E003.H: 'SP': redefinition
*** ERROR C231 IN LINE 11 OF \HEXINYUAN_PROJECT\BRANTYU项目交接\新建文件夹\ORIGIN\INCLUDE\N76E003.H: 'DPL': redefinition
*** ERROR C231 IN LINE 12 OF \HEXINYUAN_PROJECT\BRANTYU项目交接\新建文件夹\ORIGIN\INCLUDE\N76E003.H: 'DPH': redefinition
*** ERROR C231 IN LINE 13 OF \HEXINYUAN_PROJECT\BRANTYU项目交接\新建文件夹\ORIGIN\INCLUDE\N76E003.H: 'RCTRIM0': redefini
             -tion
*** ERROR C231 IN LINE 14 OF \HEXINYUAN_PROJECT\BRANTYU项目交接\新建文件夹\ORIGIN\INCLUDE\N76E003.H: 'RCTRIM1': redefini
             -tion
*** ERROR C231 IN LINE 15 OF \HEXINYUAN_PROJECT\BRANTYU项目交接\新建文件夹\ORIGIN\INCLUDE\N76E003.H: 'RWK': redefinition
*** ERROR C231 IN LINE 16 OF \HEXINYUAN_PROJECT\BRANTYU项目交接\新建文件夹\ORIGIN\INCLUDE\N76E003.H: 'PCON': redefinitio
             -n
*** ERROR C231 IN LINE 18 OF \HEXINYUAN_PROJECT\BRANTYU项目交接\新建文件夹\ORIGIN\INCLUDE\N76E003.H: 'TCON': redefinitio
             -n
*** ERROR C231 IN LINE 19 OF \HEXINYUAN_PROJECT\BRANTYU项目交接\新建文件夹\ORIGIN\INCLUDE\N76E003.H: 'TMOD': redefinitio
             -n
*** ERROR C231 IN LINE 20 OF \HEXINYUAN_PROJECT\BRANTYU项目交接\新建文件夹\ORIGIN\INCLUDE\N76E003.H: 'TL0': redefinition
*** ERROR C231 IN LINE 21 OF \HEXINYUAN_PROJECT\BRANTYU项目交接\新建文件夹\ORIGIN\INCLUDE\N76E003.H: 'TL1': redefinition
*** ERROR C231 IN LINE 22 OF \HEXINYUAN_PROJECT\BRANTYU项目交接\新建文件夹\ORIGIN\INCLUDE\N76E003.H: 'TH0': redefinition
*** ERROR C231 IN LINE 23 OF \HEXINYUAN_PROJECT\BRANTYU项目交接\新建文件夹\ORIGIN\INCLUDE\N76E003.H: 'TH1': redefinition
*** ERROR C231 IN LINE 24 OF \HEXINYUAN_PROJECT\BRANTYU项目交接\新建文件夹\ORIGIN\INCLUDE\N76E003.H: 'CKCON': redefiniti
             -on
*** ERROR C231 IN LINE 25 OF \HEXINYUAN_PROJECT\BRANTYU项目交接\新建文件夹\ORIGIN\INCLUDE\N76E003.H: 'WKCON': redefiniti
             -on
*** ERROR C231 IN LINE 27 OF \HEXINYUAN_PROJECT\BRANTYU项目交接\新建文件夹\ORIGIN\INCLUDE\N76E003.H: 'P1': redefinition
*** ERROR C231 IN LINE 28 OF \HEXINYUAN_PROJECT\BRANTYU项目交接\新建文件夹\ORIGIN\INCLUDE\N76E003.H: 'SFRS': redefinitio
             -n
*** ERROR C231 IN LINE 29 OF \HEXINYUAN_PROJECT\BRANTYU项目交接\新建文件夹\ORIGIN\INCLUDE\N76E003.H: 'CAPCON0': redefini
C51 COMPILER V8.16   TIMER0_M1                                                             10/22/2020 13:16:42 PAGE 2   

             -tion
*** ERROR C231 IN LINE 30 OF \HEXINYUAN_PROJECT\BRANTYU项目交接\新建文件夹\ORIGIN\INCLUDE\N76E003.H: 'CAPCON1': redefini
             -tion
*** ERROR C231 IN LINE 31 OF \HEXINYUAN_PROJECT\BRANTYU项目交接\新建文件夹\ORIGIN\INCLUDE\N76E003.H: 'CAPCON2': redefini
             -tion
*** ERROR C231 IN LINE 32 OF \HEXINYUAN_PROJECT\BRANTYU项目交接\新建文件夹\ORIGIN\INCLUDE\N76E003.H: 'CKDIV': redefiniti
             -on
*** ERROR C231 IN LINE 33 OF \HEXINYUAN_PROJECT\BRANTYU项目交接\新建文件夹\ORIGIN\INCLUDE\N76E003.H: 'CKSWT': redefiniti
             -on
*** ERROR C231 IN LINE 34 OF \HEXINYUAN_PROJECT\BRANTYU项目交接\新建文件夹\ORIGIN\INCLUDE\N76E003.H: 'CKEN': redefinitio
             -n
*** ERROR C231 IN LINE 36 OF \HEXINYUAN_PROJECT\BRANTYU项目交接\新建文件夹\ORIGIN\INCLUDE\N76E003.H: 'SCON': redefinitio
             -n
*** ERROR C231 IN LINE 37 OF \HEXINYUAN_PROJECT\BRANTYU项目交接\新建文件夹\ORIGIN\INCLUDE\N76E003.H: 'SBUF': redefinitio
             -n
*** ERROR C231 IN LINE 38 OF \HEXINYUAN_PROJECT\BRANTYU项目交接\新建文件夹\ORIGIN\INCLUDE\N76E003.H: 'SBUF_1': redefinit
             -ion
*** ERROR C231 IN LINE 39 OF \HEXINYUAN_PROJECT\BRANTYU项目交接\新建文件夹\ORIGIN\INCLUDE\N76E003.H: 'EIE': redefinition
*** ERROR C231 IN LINE 40 OF \HEXINYUAN_PROJECT\BRANTYU项目交接\新建文件夹\ORIGIN\INCLUDE\N76E003.H: 'EIE1': redefinitio
             -n
*** ERROR C231 IN LINE 41 OF \HEXINYUAN_PROJECT\BRANTYU项目交接\新建文件夹\ORIGIN\INCLUDE\N76E003.H: 'CHPCON': redefinit
             -ion
*** ERROR C231 IN LINE 43 OF \HEXINYUAN_PROJECT\BRANTYU项目交接\新建文件夹\ORIGIN\INCLUDE\N76E003.H: 'P2': redefinition
*** ERROR C231 IN LINE 44 OF \HEXINYUAN_PROJECT\BRANTYU项目交接\新建文件夹\ORIGIN\INCLUDE\N76E003.H: 'AUXR1': redefiniti
             -on
*** ERROR C231 IN LINE 45 OF \HEXINYUAN_PROJECT\BRANTYU项目交接\新建文件夹\ORIGIN\INCLUDE\N76E003.H: 'BODCON0': redefini
             -tion
*** ERROR C231 IN LINE 46 OF \HEXINYUAN_PROJECT\BRANTYU项目交接\新建文件夹\ORIGIN\INCLUDE\N76E003.H: 'IAPTRG': redefinit
             -ion
*** ERROR C231 IN LINE 47 OF \HEXINYUAN_PROJECT\BRANTYU项目交接\新建文件夹\ORIGIN\INCLUDE\N76E003.H: 'IAPUEN': redefinit
             -ion
*** ERROR C231 IN LINE 48 OF \HEXINYUAN_PROJECT\BRANTYU项目交接\新建文件夹\ORIGIN\INCLUDE\N76E003.H: 'IAPAL': redefiniti
             -on
*** ERROR C231 IN LINE 49 OF \HEXINYUAN_PROJECT\BRANTYU项目交接\新建文件夹\ORIGIN\INCLUDE\N76E003.H: 'IAPAH': redefiniti
             -on
*** ERROR C231 IN LINE 51 OF \HEXINYUAN_PROJECT\BRANTYU项目交接\新建文件夹\ORIGIN\INCLUDE\N76E003.H: 'IE': redefinition
*** ERROR C231 IN LINE 52 OF \HEXINYUAN_PROJECT\BRANTYU项目交接\新建文件夹\ORIGIN\INCLUDE\N76E003.H: 'SADDR': redefiniti
             -on
*** ERROR C231 IN LINE 53 OF \HEXINYUAN_PROJECT\BRANTYU项目交接\新建文件夹\ORIGIN\INCLUDE\N76E003.H: 'WDCON': redefiniti
             -on
*** ERROR C231 IN LINE 54 OF \HEXINYUAN_PROJECT\BRANTYU项目交接\新建文件夹\ORIGIN\INCLUDE\N76E003.H: 'BODCON1': redefini
             -tion
*** ERROR C231 IN LINE 55 OF \HEXINYUAN_PROJECT\BRANTYU项目交接\新建文件夹\ORIGIN\INCLUDE\N76E003.H: 'P3M1': redefinitio
             -n
*** ERROR C231 IN LINE 56 OF \HEXINYUAN_PROJECT\BRANTYU项目交接\新建文件夹\ORIGIN\INCLUDE\N76E003.H: 'P3S': redefinition
*** ERROR C231 IN LINE 57 OF \HEXINYUAN_PROJECT\BRANTYU项目交接\新建文件夹\ORIGIN\INCLUDE\N76E003.H: 'P3M2': redefinitio
             -n
*** ERROR C231 IN LINE 58 OF \HEXINYUAN_PROJECT\BRANTYU项目交接\新建文件夹\ORIGIN\INCLUDE\N76E003.H: 'P3SR': redefinitio
             -n
*** ERROR C231 IN LINE 59 OF \HEXINYUAN_PROJECT\BRANTYU项目交接\新建文件夹\ORIGIN\INCLUDE\N76E003.H: 'IAPFD': redefiniti
             -on
*** ERROR C231 IN LINE 60 OF \HEXINYUAN_PROJECT\BRANTYU项目交接\新建文件夹\ORIGIN\INCLUDE\N76E003.H: 'IAPCN': redefiniti
             -on
*** ERROR C231 IN LINE 62 OF \HEXINYUAN_PROJECT\BRANTYU项目交接\新建文件夹\ORIGIN\INCLUDE\N76E003.H: 'P3': redefinition
*** ERROR C231 IN LINE 63 OF \HEXINYUAN_PROJECT\BRANTYU项目交接\新建文件夹\ORIGIN\INCLUDE\N76E003.H: 'P0M1': redefinitio
             -n
*** ERROR C231 IN LINE 64 OF \HEXINYUAN_PROJECT\BRANTYU项目交接\新建文件夹\ORIGIN\INCLUDE\N76E003.H: 'P0S': redefinition
*** ERROR C231 IN LINE 65 OF \HEXINYUAN_PROJECT\BRANTYU项目交接\新建文件夹\ORIGIN\INCLUDE\N76E003.H: 'P0M2': redefinitio
             -n
*** ERROR C231 IN LINE 66 OF \HEXINYUAN_PROJECT\BRANTYU项目交接\新建文件夹\ORIGIN\INCLUDE\N76E003.H: 'P0SR': redefinitio
             -n
*** ERROR C231 IN LINE 67 OF \HEXINYUAN_PROJECT\BRANTYU项目交接\新建文件夹\ORIGIN\INCLUDE\N76E003.H: 'P1M1': redefinitio
C51 COMPILER V8.16   TIMER0_M1                                                             10/22/2020 13:16:42 PAGE 3   

             -n
*** ERROR C231 IN LINE 68 OF \HEXINYUAN_PROJECT\BRANTYU项目交接\新建文件夹\ORIGIN\INCLUDE\N76E003.H: 'P1S': redefinition
*** ERROR C231 IN LINE 69 OF \HEXINYUAN_PROJECT\BRANTYU项目交接\新建文件夹\ORIGIN\INCLUDE\N76E003.H: 'P1M2': redefinitio
             -n
*** ERROR C231 IN LINE 70 OF \HEXINYUAN_PROJECT\BRANTYU项目交接\新建文件夹\ORIGIN\INCLUDE\N76E003.H: 'P1SR': redefinitio
             -n
*** ERROR C231 IN LINE 71 OF \HEXINYUAN_PROJECT\BRANTYU项目交接\新建文件夹\ORIGIN\INCLUDE\N76E003.H: 'P2S': redefinition
*** ERROR C231 IN LINE 72 OF \HEXINYUAN_PROJECT\BRANTYU项目交接\新建文件夹\ORIGIN\INCLUDE\N76E003.H: 'IPH': redefinition
*** ERROR C231 IN LINE 73 OF \HEXINYUAN_PROJECT\BRANTYU项目交接\新建文件夹\ORIGIN\INCLUDE\N76E003.H: 'PWMINTC': redefini
             -tion
*** ERROR C231 IN LINE 75 OF \HEXINYUAN_PROJECT\BRANTYU项目交接\新建文件夹\ORIGIN\INCLUDE\N76E003.H: 'IP': redefinition
*** ERROR C231 IN LINE 76 OF \HEXINYUAN_PROJECT\BRANTYU项目交接\新建文件夹\ORIGIN\INCLUDE\N76E003.H: 'SADEN': redefiniti
             -on
*** ERROR C231 IN LINE 77 OF \HEXINYUAN_PROJECT\BRANTYU项目交接\新建文件夹\ORIGIN\INCLUDE\N76E003.H: 'SADEN_1': redefini
             -tion
*** ERROR C231 IN LINE 78 OF \HEXINYUAN_PROJECT\BRANTYU项目交接\新建文件夹\ORIGIN\INCLUDE\N76E003.H: 'SADDR_1': redefini
             -tion
*** ERROR C231 IN LINE 79 OF \HEXINYUAN_PROJECT\BRANTYU项目交接\新建文件夹\ORIGIN\INCLUDE\N76E003.H: 'I2DAT': redefiniti
             -on
*** ERROR C231 IN LINE 80 OF \HEXINYUAN_PROJECT\BRANTYU项目交接\新建文件夹\ORIGIN\INCLUDE\N76E003.H: 'I2STAT': redefinit
             -ion
*** ERROR C231 IN LINE 81 OF \HEXINYUAN_PROJECT\BRANTYU项目交接\新建文件夹\ORIGIN\INCLUDE\N76E003.H: 'I2CLK': redefiniti
             -on
*** ERROR C231 IN LINE 82 OF \HEXINYUAN_PROJECT\BRANTYU项目交接\新建文件夹\ORIGIN\INCLUDE\N76E003.H: 'I2TOC': redefiniti
             -on
*** ERROR C231 IN LINE 84 OF \HEXINYUAN_PROJECT\BRANTYU项目交接\新建文件夹\ORIGIN\INCLUDE\N76E003.H: 'I2CON': redefiniti
             -on
*** ERROR C231 IN LINE 85 OF \HEXINYUAN_PROJECT\BRANTYU项目交接\新建文件夹\ORIGIN\INCLUDE\N76E003.H: 'I2ADDR': redefinit
             -ion
*** ERROR C231 IN LINE 86 OF \HEXINYUAN_PROJECT\BRANTYU项目交接\新建文件夹\ORIGIN\INCLUDE\N76E003.H: 'ADCRL': redefiniti
             -on
*** ERROR C231 IN LINE 87 OF \HEXINYUAN_PROJECT\BRANTYU项目交接\新建文件夹\ORIGIN\INCLUDE\N76E003.H: 'ADCRH': redefiniti
             -on
*** ERROR C231 IN LINE 88 OF \HEXINYUAN_PROJECT\BRANTYU项目交接\新建文件夹\ORIGIN\INCLUDE\N76E003.H: 'T3CON': redefiniti
             -on
*** ERROR C231 IN LINE 89 OF \HEXINYUAN_PROJECT\BRANTYU项目交接\新建文件夹\ORIGIN\INCLUDE\N76E003.H: 'PWM4H': redefiniti
             -on
*** ERROR C231 IN LINE 90 OF \HEXINYUAN_PROJECT\BRANTYU项目交接\新建文件夹\ORIGIN\INCLUDE\N76E003.H: 'RL3': redefinition
*** ERROR C231 IN LINE 91 OF \HEXINYUAN_PROJECT\BRANTYU项目交接\新建文件夹\ORIGIN\INCLUDE\N76E003.H: 'PWM5H': redefiniti
             -on
*** ERROR C231 IN LINE 92 OF \HEXINYUAN_PROJECT\BRANTYU项目交接\新建文件夹\ORIGIN\INCLUDE\N76E003.H: 'RH3': redefinition
*** ERROR C231 IN LINE 93 OF \HEXINYUAN_PROJECT\BRANTYU项目交接\新建文件夹\ORIGIN\INCLUDE\N76E003.H: 'PIOCON1': redefini
             -tion
*** ERROR C231 IN LINE 94 OF \HEXINYUAN_PROJECT\BRANTYU项目交接\新建文件夹\ORIGIN\INCLUDE\N76E003.H: 'TA': redefinition
*** ERROR C231 IN LINE 96 OF \HEXINYUAN_PROJECT\BRANTYU项目交接\新建文件夹\ORIGIN\INCLUDE\N76E003.H: 'T2CON': redefiniti
             -on
*** ERROR C231 IN LINE 97 OF \HEXINYUAN_PROJECT\BRANTYU项目交接\新建文件夹\ORIGIN\INCLUDE\N76E003.H: 'T2MOD': redefiniti
             -on
*** ERROR C231 IN LINE 98 OF \HEXINYUAN_PROJECT\BRANTYU项目交接\新建文件夹\ORIGIN\INCLUDE\N76E003.H: 'RCMP2L': redefinit
             -ion
*** ERROR C231 IN LINE 99 OF \HEXINYUAN_PROJECT\BRANTYU项目交接\新建文件夹\ORIGIN\INCLUDE\N76E003.H: 'RCMP2H': redefinit
             -ion
*** ERROR C231 IN LINE 100 OF \HEXINYUAN_PROJECT\BRANTYU项目交接\新建文件夹\ORIGIN\INCLUDE\N76E003.H: 'TL2': redefinitio
             -n
*** ERROR C231 IN LINE 101 OF \HEXINYUAN_PROJECT\BRANTYU项目交接\新建文件夹\ORIGIN\INCLUDE\N76E003.H: 'PWM4L': redefinit
             -ion
*** ERROR C231 IN LINE 102 OF \HEXINYUAN_PROJECT\BRANTYU项目交接\新建文件夹\ORIGIN\INCLUDE\N76E003.H: 'TH2': redefinitio
             -n
*** ERROR C231 IN LINE 103 OF \HEXINYUAN_PROJECT\BRANTYU项目交接\新建文件夹\ORIGIN\INCLUDE\N76E003.H: 'PWM5L': redefinit
             -ion
*** ERROR C231 IN LINE 104 OF \HEXINYUAN_PROJECT\BRANTYU项目交接\新建文件夹\ORIGIN\INCLUDE\N76E003.H: 'ADCMPL': redefini
             -tion
C51 COMPILER V8.16   TIMER0_M1                                                             10/22/2020 13:16:42 PAGE 4   

*** ERROR C231 IN LINE 105 OF \HEXINYUAN_PROJECT\BRANTYU项目交接\新建文件夹\ORIGIN\INCLUDE\N76E003.H: 'ADCMPH': redefini
             -tion
*** ERROR C231 IN LINE 107 OF \HEXINYUAN_PROJECT\BRANTYU项目交接\新建文件夹\ORIGIN\INCLUDE\N76E003.H: 'PSW': redefinitio
             -n
*** ERROR C231 IN LINE 108 OF \HEXINYUAN_PROJECT\BRANTYU项目交接\新建文件夹\ORIGIN\INCLUDE\N76E003.H: 'PWMPH': redefinit
             -ion
*** ERROR C231 IN LINE 109 OF \HEXINYUAN_PROJECT\BRANTYU项目交接\新建文件夹\ORIGIN\INCLUDE\N76E003.H: 'PWM0H': redefinit
             -ion
*** ERROR C231 IN LINE 110 OF \HEXINYUAN_PROJECT\BRANTYU项目交接\新建文件夹\ORIGIN\INCLUDE\N76E003.H: 'PWM1H': redefinit
             -ion
*** ERROR C231 IN LINE 111 OF \HEXINYUAN_PROJECT\BRANTYU项目交接\新建文件夹\ORIGIN\INCLUDE\N76E003.H: 'PWM2H': redefinit
             -ion
*** ERROR C231 IN LINE 112 OF \HEXINYUAN_PROJECT\BRANTYU项目交接\新建文件夹\ORIGIN\INCLUDE\N76E003.H: 'PWM3H': redefinit
             -ion
*** ERROR C231 IN LINE 113 OF \HEXINYUAN_PROJECT\BRANTYU项目交接\新建文件夹\ORIGIN\INCLUDE\N76E003.H: 'PNP': redefinitio
             -n
*** ERROR C231 IN LINE 114 OF \HEXINYUAN_PROJECT\BRANTYU项目交接\新建文件夹\ORIGIN\INCLUDE\N76E003.H: 'FBD': redefinitio
             -n
*** ERROR C231 IN LINE 116 OF \HEXINYUAN_PROJECT\BRANTYU项目交接\新建文件夹\ORIGIN\INCLUDE\N76E003.H: 'PWMCON0': redefin
             -ition
*** ERROR C231 IN LINE 117 OF \HEXINYUAN_PROJECT\BRANTYU项目交接\新建文件夹\ORIGIN\INCLUDE\N76E003.H: 'PWMPL': redefinit
             -ion
*** ERROR C231 IN LINE 118 OF \HEXINYUAN_PROJECT\BRANTYU项目交接\新建文件夹\ORIGIN\INCLUDE\N76E003.H: 'PWM0L': redefinit
             -ion
*** ERROR C231 IN LINE 119 OF \HEXINYUAN_PROJECT\BRANTYU项目交接\新建文件夹\ORIGIN\INCLUDE\N76E003.H: 'PWM1L': redefinit
             -ion
*** ERROR C231 IN LINE 120 OF \HEXINYUAN_PROJECT\BRANTYU项目交接\新建文件夹\ORIGIN\INCLUDE\N76E003.H: 'PWM2L': redefinit
             -ion
*** ERROR C231 IN LINE 121 OF \HEXINYUAN_PROJECT\BRANTYU项目交接\新建文件夹\ORIGIN\INCLUDE\N76E003.H: 'PWM3L': redefinit
             -ion
*** ERROR C231 IN LINE 122 OF \HEXINYUAN_PROJECT\BRANTYU项目交接\新建文件夹\ORIGIN\INCLUDE\N76E003.H: 'PIOCON0': redefin
             -ition
*** ERROR C231 IN LINE 123 OF \HEXINYUAN_PROJECT\BRANTYU项目交接\新建文件夹\ORIGIN\INCLUDE\N76E003.H: 'PWMCON1': redefin
             -ition
*** ERROR C231 IN LINE 125 OF \HEXINYUAN_PROJECT\BRANTYU项目交接\新建文件夹\ORIGIN\INCLUDE\N76E003.H: 'ACC': redefinitio
             -n
*** ERROR C231 IN LINE 126 OF \HEXINYUAN_PROJECT\BRANTYU项目交接\新建文件夹\ORIGIN\INCLUDE\N76E003.H: 'ADCCON1': redefin
             -ition
*** ERROR C231 IN LINE 127 OF \HEXINYUAN_PROJECT\BRANTYU项目交接\新建文件夹\ORIGIN\INCLUDE\N76E003.H: 'ADCCON2': redefin
             -ition
*** ERROR C231 IN LINE 128 OF \HEXINYUAN_PROJECT\BRANTYU项目交接\新建文件夹\ORIGIN\INCLUDE\N76E003.H: 'ADCDLY': redefini
             -tion
*** ERROR C231 IN LINE 129 OF \HEXINYUAN_PROJECT\BRANTYU项目交接\新建文件夹\ORIGIN\INCLUDE\N76E003.H: 'C0L': redefinitio
             -n
*** ERROR C231 IN LINE 130 OF \HEXINYUAN_PROJECT\BRANTYU项目交接\新建文件夹\ORIGIN\INCLUDE\N76E003.H: 'C0H': redefinitio
             -n
*** ERROR C231 IN LINE 131 OF \HEXINYUAN_PROJECT\BRANTYU项目交接\新建文件夹\ORIGIN\INCLUDE\N76E003.H: 'C1L': redefinitio
             -n
*** ERROR C231 IN LINE 132 OF \HEXINYUAN_PROJECT\BRANTYU项目交接\新建文件夹\ORIGIN\INCLUDE\N76E003.H: 'C1H': redefinitio
             -n
*** ERROR C231 IN LINE 134 OF \HEXINYUAN_PROJECT\BRANTYU项目交接\新建文件夹\ORIGIN\INCLUDE\N76E003.H: 'ADCCON0': redefin
             -ition
*** ERROR C231 IN LINE 135 OF \HEXINYUAN_PROJECT\BRANTYU项目交接\新建文件夹\ORIGIN\INCLUDE\N76E003.H: 'PICON': redefinit
             -ion
*** ERROR C231 IN LINE 136 OF \HEXINYUAN_PROJECT\BRANTYU项目交接\新建文件夹\ORIGIN\INCLUDE\N76E003.H: 'PINEN': redefinit
             -ion
*** ERROR C231 IN LINE 137 OF \HEXINYUAN_PROJECT\BRANTYU项目交接\新建文件夹\ORIGIN\INCLUDE\N76E003.H: 'PIPEN': redefinit
             -ion
*** ERROR C231 IN LINE 138 OF \HEXINYUAN_PROJECT\BRANTYU项目交接\新建文件夹\ORIGIN\INCLUDE\N76E003.H: 'PIF': redefinitio
             -n
*** ERROR C231 IN LINE 139 OF \HEXINYUAN_PROJECT\BRANTYU项目交接\新建文件夹\ORIGIN\INCLUDE\N76E003.H: 'C2L': redefinitio
             -n
C51 COMPILER V8.16   TIMER0_M1                                                             10/22/2020 13:16:42 PAGE 5   

*** ERROR C231 IN LINE 140 OF \HEXINYUAN_PROJECT\BRANTYU项目交接\新建文件夹\ORIGIN\INCLUDE\N76E003.H: 'C2H': redefinitio
             -n
*** ERROR C231 IN LINE 141 OF \HEXINYUAN_PROJECT\BRANTYU项目交接\新建文件夹\ORIGIN\INCLUDE\N76E003.H: 'EIP': redefinitio
             -n
*** ERROR C231 IN LINE 143 OF \HEXINYUAN_PROJECT\BRANTYU项目交接\新建文件夹\ORIGIN\INCLUDE\N76E003.H: 'B': redefinition
*** ERROR C231 IN LINE 144 OF \HEXINYUAN_PROJECT\BRANTYU项目交接\新建文件夹\ORIGIN\INCLUDE\N76E003.H: 'CAPCON3': redefin
             -ition
*** ERROR C231 IN LINE 145 OF \HEXINYUAN_PROJECT\BRANTYU项目交接\新建文件夹\ORIGIN\INCLUDE\N76E003.H: 'CAPCON4': redefin
             -ition
*** ERROR C231 IN LINE 146 OF \HEXINYUAN_PROJECT\BRANTYU项目交接\新建文件夹\ORIGIN\INCLUDE\N76E003.H: 'SPCR': redefiniti
             -on
*** ERROR C231 IN LINE 147 OF \HEXINYUAN_PROJECT\BRANTYU项目交接\新建文件夹\ORIGIN\INCLUDE\N76E003.H: 'SPCR2': redefinit
             -ion
*** ERROR C231 IN LINE 148 OF \HEXINYUAN_PROJECT\BRANTYU项目交接\新建文件夹\ORIGIN\INCLUDE\N76E003.H: 'SPSR': redefiniti
             -on
*** ERROR C231 IN LINE 149 OF \HEXINYUAN_PROJECT\BRANTYU项目交接\新建文件夹\ORIGIN\INCLUDE\N76E003.H: 'SPDR': redefiniti
             -on
*** ERROR C231 IN LINE 150 OF \HEXINYUAN_PROJECT\BRANTYU项目交接\新建文件夹\ORIGIN\INCLUDE\N76E003.H: 'AINDIDS': redefin
             -ition
*** ERROR C231 IN LINE 151 OF \HEXINYUAN_PROJECT\BRANTYU项目交接\新建文件夹\ORIGIN\INCLUDE\N76E003.H: 'EIPH': redefiniti
             -on
*** ERROR C231 IN LINE 153 OF \HEXINYUAN_PROJECT\BRANTYU项目交接\新建文件夹\ORIGIN\INCLUDE\N76E003.H: 'SCON_1': redefini
             -tion
*** ERROR C231 IN LINE 154 OF \HEXINYUAN_PROJECT\BRANTYU项目交接\新建文件夹\ORIGIN\INCLUDE\N76E003.H: 'PDTEN': redefinit
             -ion
*** ERROR C231 IN LINE 155 OF \HEXINYUAN_PROJECT\BRANTYU项目交接\新建文件夹\ORIGIN\INCLUDE\N76E003.H: 'PDTCNT': redefini
             -tion
*** ERROR C231 IN LINE 156 OF \HEXINYUAN_PROJECT\BRANTYU项目交接\新建文件夹\ORIGIN\INCLUDE\N76E003.H: 'PMEN': redefiniti
             -on
*** ERROR C231 IN LINE 157 OF \HEXINYUAN_PROJECT\BRANTYU项目交接\新建文件夹\ORIGIN\INCLUDE\N76E003.H: 'PMD': redefinitio
             -n
*** ERROR C231 IN LINE 158 OF \HEXINYUAN_PROJECT\BRANTYU项目交接\新建文件夹\ORIGIN\INCLUDE\N76E003.H: 'EIP1': redefiniti
             -on
*** ERROR C231 IN LINE 159 OF \HEXINYUAN_PROJECT\BRANTYU项目交接\新建文件夹\ORIGIN\INCLUDE\N76E003.H: 'EIPH1': redefinit
             -ion
*** ERROR C231 IN LINE 163 OF \HEXINYUAN_PROJECT\BRANTYU项目交接\新建文件夹\ORIGIN\INCLUDE\N76E003.H: 'SM0_1': redefinit
             -ion
*** ERROR C231 IN LINE 164 OF \HEXINYUAN_PROJECT\BRANTYU项目交接\新建文件夹\ORIGIN\INCLUDE\N76E003.H: 'FE_1': redefiniti
             -on
*** ERROR C231 IN LINE 165 OF \HEXINYUAN_PROJECT\BRANTYU项目交接\新建文件夹\ORIGIN\INCLUDE\N76E003.H: 'SM1_1': redefinit
             -ion
*** ERROR C231 IN LINE 166 OF \HEXINYUAN_PROJECT\BRANTYU项目交接\新建文件夹\ORIGIN\INCLUDE\N76E003.H: 'SM2_1': redefinit
             -ion
*** ERROR C231 IN LINE 167 OF \HEXINYUAN_PROJECT\BRANTYU项目交接\新建文件夹\ORIGIN\INCLUDE\N76E003.H: 'REN_1': redefinit
             -ion
*** ERROR C231 IN LINE 168 OF \HEXINYUAN_PROJECT\BRANTYU项目交接\新建文件夹\ORIGIN\INCLUDE\N76E003.H: 'TB8_1': redefinit
             -ion
*** ERROR C231 IN LINE 169 OF \HEXINYUAN_PROJECT\BRANTYU项目交接\新建文件夹\ORIGIN\INCLUDE\N76E003.H: 'RB8_1': redefinit
             -ion
*** ERROR C231 IN LINE 170 OF \HEXINYUAN_PROJECT\BRANTYU项目交接\新建文件夹\ORIGIN\INCLUDE\N76E003.H: 'TI_1': redefiniti
             -on
*** ERROR C231 IN LINE 171 OF \HEXINYUAN_PROJECT\BRANTYU项目交接\新建文件夹\ORIGIN\INCLUDE\N76E003.H: 'RI_1': redefiniti
             -on
*** ERROR C231 IN LINE 174 OF \HEXINYUAN_PROJECT\BRANTYU项目交接\新建文件夹\ORIGIN\INCLUDE\N76E003.H: 'ADCF': redefiniti
             -on
*** ERROR C231 IN LINE 175 OF \HEXINYUAN_PROJECT\BRANTYU项目交接\新建文件夹\ORIGIN\INCLUDE\N76E003.H: 'ADCS': redefiniti
             -on
*** ERROR C231 IN LINE 176 OF \HEXINYUAN_PROJECT\BRANTYU项目交接\新建文件夹\ORIGIN\INCLUDE\N76E003.H: 'ETGSEL1': redefin
             -ition
*** ERROR C231 IN LINE 177 OF \HEXINYUAN_PROJECT\BRANTYU项目交接\新建文件夹\ORIGIN\INCLUDE\N76E003.H: 'ETGSEL0': redefin
             -ition
*** ERROR C231 IN LINE 178 OF \HEXINYUAN_PROJECT\BRANTYU项目交接\新建文件夹\ORIGIN\INCLUDE\N76E003.H: 'ADCHS3': redefini
C51 COMPILER V8.16   TIMER0_M1                                                             10/22/2020 13:16:42 PAGE 6   

             -tion
*** ERROR C231 IN LINE 179 OF \HEXINYUAN_PROJECT\BRANTYU项目交接\新建文件夹\ORIGIN\INCLUDE\N76E003.H: 'ADCHS2': redefini
             -tion
*** ERROR C231 IN LINE 180 OF \HEXINYUAN_PROJECT\BRANTYU项目交接\新建文件夹\ORIGIN\INCLUDE\N76E003.H: 'ADCHS1': redefini
             -tion
*** ERROR C231 IN LINE 181 OF \HEXINYUAN_PROJECT\BRANTYU项目交接\新建文件夹\ORIGIN\INCLUDE\N76E003.H: 'ADCHS0': redefini
             -tion
*** ERROR C231 IN LINE 184 OF \HEXINYUAN_PROJECT\BRANTYU项目交接\新建文件夹\ORIGIN\INCLUDE\N76E003.H: 'PWMRUN': redefini
             -tion
*** ERROR C231 IN LINE 185 OF \HEXINYUAN_PROJECT\BRANTYU项目交接\新建文件夹\ORIGIN\INCLUDE\N76E003.H: 'LOAD': redefiniti
             -on
*** ERROR C231 IN LINE 186 OF \HEXINYUAN_PROJECT\BRANTYU项目交接\新建文件夹\ORIGIN\INCLUDE\N76E003.H: 'PWMF': redefiniti
             -on
*** ERROR C231 IN LINE 187 OF \HEXINYUAN_PROJECT\BRANTYU项目交接\新建文件夹\ORIGIN\INCLUDE\N76E003.H: 'CLRPWM': redefini
             -tion
*** ERROR C231 IN LINE 191 OF \HEXINYUAN_PROJECT\BRANTYU项目交接\新建文件夹\ORIGIN\INCLUDE\N76E003.H: 'CY': redefinition
*** ERROR C231 IN LINE 192 OF \HEXINYUAN_PROJECT\BRANTYU项目交接\新建文件夹\ORIGIN\INCLUDE\N76E003.H: 'AC': redefinition
*** ERROR C231 IN LINE 193 OF \HEXINYUAN_PROJECT\BRANTYU项目交接\新建文件夹\ORIGIN\INCLUDE\N76E003.H: 'F0': redefinition
*** ERROR C231 IN LINE 194 OF \HEXINYUAN_PROJECT\BRANTYU项目交接\新建文件夹\ORIGIN\INCLUDE\N76E003.H: 'RS1': redefinitio
             -n
*** ERROR C231 IN LINE 195 OF \HEXINYUAN_PROJECT\BRANTYU项目交接\新建文件夹\ORIGIN\INCLUDE\N76E003.H: 'RS0': redefinitio
             -n
*** ERROR C231 IN LINE 196 OF \HEXINYUAN_PROJECT\BRANTYU项目交接\新建文件夹\ORIGIN\INCLUDE\N76E003.H: 'OV': redefinition
*** ERROR C231 IN LINE 197 OF \HEXINYUAN_PROJECT\BRANTYU项目交接\新建文件夹\ORIGIN\INCLUDE\N76E003.H: 'P': redefinition
*** ERROR C231 IN LINE 200 OF \HEXINYUAN_PROJECT\BRANTYU项目交接\新建文件夹\ORIGIN\INCLUDE\N76E003.H: 'TF2': redefinitio
             -n
*** ERROR C231 IN LINE 201 OF \HEXINYUAN_PROJECT\BRANTYU项目交接\新建文件夹\ORIGIN\INCLUDE\N76E003.H: 'TR2': redefinitio
             -n
*** ERROR C231 IN LINE 202 OF \HEXINYUAN_PROJECT\BRANTYU项目交接\新建文件夹\ORIGIN\INCLUDE\N76E003.H: 'CM_RL2': redefini
             -tion
*** ERROR C231 IN LINE 205 OF \HEXINYUAN_PROJECT\BRANTYU项目交接\新建文件夹\ORIGIN\INCLUDE\N76E003.H: 'I2CEN': redefinit
             -ion
*** ERROR C231 IN LINE 206 OF \HEXINYUAN_PROJECT\BRANTYU项目交接\新建文件夹\ORIGIN\INCLUDE\N76E003.H: 'STA': redefinitio
             -n
*** ERROR C231 IN LINE 207 OF \HEXINYUAN_PROJECT\BRANTYU项目交接\新建文件夹\ORIGIN\INCLUDE\N76E003.H: 'STO': redefinitio
             -n
*** ERROR C231 IN LINE 208 OF \HEXINYUAN_PROJECT\BRANTYU项目交接\新建文件夹\ORIGIN\INCLUDE\N76E003.H: 'SI': redefinition
*** ERROR C231 IN LINE 209 OF \HEXINYUAN_PROJECT\BRANTYU项目交接\新建文件夹\ORIGIN\INCLUDE\N76E003.H: 'AA': redefinition
*** ERROR C231 IN LINE 210 OF \HEXINYUAN_PROJECT\BRANTYU项目交接\新建文件夹\ORIGIN\INCLUDE\N76E003.H: 'I2CPX': redefinit
             -ion
*** ERROR C231 IN LINE 213 OF \HEXINYUAN_PROJECT\BRANTYU项目交接\新建文件夹\ORIGIN\INCLUDE\N76E003.H: 'PADC': redefiniti
             -on
*** ERROR C231 IN LINE 214 OF \HEXINYUAN_PROJECT\BRANTYU项目交接\新建文件夹\ORIGIN\INCLUDE\N76E003.H: 'PBOD': redefiniti
             -on
*** ERROR C231 IN LINE 215 OF \HEXINYUAN_PROJECT\BRANTYU项目交接\新建文件夹\ORIGIN\INCLUDE\N76E003.H: 'PS': redefinition
*** ERROR C231 IN LINE 216 OF \HEXINYUAN_PROJECT\BRANTYU项目交接\新建文件夹\ORIGIN\INCLUDE\N76E003.H: 'PT1': redefinitio
             -n
*** ERROR C231 IN LINE 217 OF \HEXINYUAN_PROJECT\BRANTYU项目交接\新建文件夹\ORIGIN\INCLUDE\N76E003.H: 'PX1': redefinitio
             -n
*** ERROR C231 IN LINE 218 OF \HEXINYUAN_PROJECT\BRANTYU项目交接\新建文件夹\ORIGIN\INCLUDE\N76E003.H: 'PT0': redefinitio
             -n
*** ERROR C231 IN LINE 219 OF \HEXINYUAN_PROJECT\BRANTYU项目交接\新建文件夹\ORIGIN\INCLUDE\N76E003.H: 'PX0': redefinitio
             -n
*** ERROR C231 IN LINE 222 OF \HEXINYUAN_PROJECT\BRANTYU项目交接\新建文件夹\ORIGIN\INCLUDE\N76E003.H: 'P30': redefinitio
             -n
*** ERROR C231 IN LINE 226 OF \HEXINYUAN_PROJECT\BRANTYU项目交接\新建文件夹\ORIGIN\INCLUDE\N76E003.H: 'EA': redefinition
*** ERROR C231 IN LINE 227 OF \HEXINYUAN_PROJECT\BRANTYU项目交接\新建文件夹\ORIGIN\INCLUDE\N76E003.H: 'EADC': redefiniti
             -on
*** ERROR C231 IN LINE 228 OF \HEXINYUAN_PROJECT\BRANTYU项目交接\新建文件夹\ORIGIN\INCLUDE\N76E003.H: 'EBOD': redefiniti
             -on
*** ERROR C231 IN LINE 229 OF \HEXINYUAN_PROJECT\BRANTYU项目交接\新建文件夹\ORIGIN\INCLUDE\N76E003.H: 'ES': redefinition
*** ERROR C231 IN LINE 230 OF \HEXINYUAN_PROJECT\BRANTYU项目交接\新建文件夹\ORIGIN\INCLUDE\N76E003.H: 'ET1': redefinitio
C51 COMPILER V8.16   TIMER0_M1                                                             10/22/2020 13:16:42 PAGE 7   

             -n
*** ERROR C231 IN LINE 231 OF \HEXINYUAN_PROJECT\BRANTYU项目交接\新建文件夹\ORIGIN\INCLUDE\N76E003.H: 'EX1': redefinitio
             -n
*** ERROR C231 IN LINE 232 OF \HEXINYUAN_PROJECT\BRANTYU项目交接\新建文件夹\ORIGIN\INCLUDE\N76E003.H: 'ET0': redefinitio
             -n
*** ERROR C231 IN LINE 233 OF \HEXINYUAN_PROJECT\BRANTYU项目交接\新建文件夹\ORIGIN\INCLUDE\N76E003.H: 'EX0': redefinitio
             -n
*** ERROR C231 IN LINE 236 OF \HEXINYUAN_PROJECT\BRANTYU项目交接\新建文件夹\ORIGIN\INCLUDE\N76E003.H: 'P20': redefinitio
             -n
*** ERROR C231 IN LINE 239 OF \HEXINYUAN_PROJECT\BRANTYU项目交接\新建文件夹\ORIGIN\INCLUDE\N76E003.H: 'SM0': redefinitio
             -n
*** ERROR C231 IN LINE 240 OF \HEXINYUAN_PROJECT\BRANTYU项目交接\新建文件夹\ORIGIN\INCLUDE\N76E003.H: 'FE': redefinition
*** ERROR C231 IN LINE 241 OF \HEXINYUAN_PROJECT\BRANTYU项目交接\新建文件夹\ORIGIN\INCLUDE\N76E003.H: 'SM1': redefinitio
             -n
*** ERROR C231 IN LINE 242 OF \HEXINYUAN_PROJECT\BRANTYU项目交接\新建文件夹\ORIGIN\INCLUDE\N76E003.H: 'SM2': redefinitio
             -n
*** ERROR C231 IN LINE 243 OF \HEXINYUAN_PROJECT\BRANTYU项目交接\新建文件夹\ORIGIN\INCLUDE\N76E003.H: 'REN': redefinitio
             -n
*** ERROR C231 IN LINE 244 OF \HEXINYUAN_PROJECT\BRANTYU项目交接\新建文件夹\ORIGIN\INCLUDE\N76E003.H: 'TB8': redefinitio
             -n
*** ERROR C231 IN LINE 245 OF \HEXINYUAN_PROJECT\BRANTYU项目交接\新建文件夹\ORIGIN\INCLUDE\N76E003.H: 'RB8': redefinitio
             -n
*** ERROR C231 IN LINE 246 OF \HEXINYUAN_PROJECT\BRANTYU项目交接\新建文件夹\ORIGIN\INCLUDE\N76E003.H: 'TI': redefinition
*** ERROR C231 IN LINE 247 OF \HEXINYUAN_PROJECT\BRANTYU项目交接\新建文件夹\ORIGIN\INCLUDE\N76E003.H: 'RI': redefinition
*** ERROR C231 IN LINE 250 OF \HEXINYUAN_PROJECT\BRANTYU项目交接\新建文件夹\ORIGIN\INCLUDE\N76E003.H: 'P17': redefinitio
             -n
*** ERROR C231 IN LINE 251 OF \HEXINYUAN_PROJECT\BRANTYU项目交接\新建文件夹\ORIGIN\INCLUDE\N76E003.H: 'P16': redefinitio
             -n
*** ERROR C231 IN LINE 252 OF \HEXINYUAN_PROJECT\BRANTYU项目交接\新建文件夹\ORIGIN\INCLUDE\N76E003.H: 'TXD_1': redefinit
             -ion
*** ERROR C231 IN LINE 253 OF \HEXINYUAN_PROJECT\BRANTYU项目交接\新建文件夹\ORIGIN\INCLUDE\N76E003.H: 'P15': redefinitio
             -n
*** ERROR C231 IN LINE 254 OF \HEXINYUAN_PROJECT\BRANTYU项目交接\新建文件夹\ORIGIN\INCLUDE\N76E003.H: 'P14': redefinitio
             -n
*** ERROR C231 IN LINE 255 OF \HEXINYUAN_PROJECT\BRANTYU项目交接\新建文件夹\ORIGIN\INCLUDE\N76E003.H: 'SDA': redefinitio
             -n
*** ERROR C231 IN LINE 256 OF \HEXINYUAN_PROJECT\BRANTYU项目交接\新建文件夹\ORIGIN\INCLUDE\N76E003.H: 'P13': redefinitio
             -n
*** ERROR C231 IN LINE 257 OF \HEXINYUAN_PROJECT\BRANTYU项目交接\新建文件夹\ORIGIN\INCLUDE\N76E003.H: 'SCL': redefinitio
             -n
*** ERROR C231 IN LINE 258 OF \HEXINYUAN_PROJECT\BRANTYU项目交接\新建文件夹\ORIGIN\INCLUDE\N76E003.H: 'P12': redefinitio
             -n
*** ERROR C231 IN LINE 259 OF \HEXINYUAN_PROJECT\BRANTYU项目交接\新建文件夹\ORIGIN\INCLUDE\N76E003.H: 'P11': redefinitio
             -n
*** ERROR C231 IN LINE 260 OF \HEXINYUAN_PROJECT\BRANTYU项目交接\新建文件夹\ORIGIN\INCLUDE\N76E003.H: 'P10': redefinitio
             -n
*** ERROR C231 IN LINE 263 OF \HEXINYUAN_PROJECT\BRANTYU项目交接\新建文件夹\ORIGIN\INCLUDE\N76E003.H: 'TF1': redefinitio
             -n
*** ERROR C231 IN LINE 264 OF \HEXINYUAN_PROJECT\BRANTYU项目交接\新建文件夹\ORIGIN\INCLUDE\N76E003.H: 'TR1': redefinitio
             -n
*** ERROR C231 IN LINE 265 OF \HEXINYUAN_PROJECT\BRANTYU项目交接\新建文件夹\ORIGIN\INCLUDE\N76E003.H: 'TF0': redefinitio
             -n
*** ERROR C231 IN LINE 266 OF \HEXINYUAN_PROJECT\BRANTYU项目交接\新建文件夹\ORIGIN\INCLUDE\N76E003.H: 'TR0': redefinitio
             -n
*** ERROR C231 IN LINE 267 OF \HEXINYUAN_PROJECT\BRANTYU项目交接\新建文件夹\ORIGIN\INCLUDE\N76E003.H: 'IE1': redefinitio
             -n
*** ERROR C231 IN LINE 268 OF \HEXINYUAN_PROJECT\BRANTYU项目交接\新建文件夹\ORIGIN\INCLUDE\N76E003.H: 'IT1': redefinitio
             -n
*** ERROR C231 IN LINE 269 OF \HEXINYUAN_PROJECT\BRANTYU项目交接\新建文件夹\ORIGIN\INCLUDE\N76E003.H: 'IE0': redefinitio
             -n
*** ERROR C231 IN LINE 270 OF \HEXINYUAN_PROJECT\BRANTYU项目交接\新建文件夹\ORIGIN\INCLUDE\N76E003.H: 'IT0': redefinitio
             -n
C51 COMPILER V8.16   TIMER0_M1                                                             10/22/2020 13:16:42 PAGE 8   

*** ERROR C231 IN LINE 274 OF \HEXINYUAN_PROJECT\BRANTYU项目交接\新建文件夹\ORIGIN\INCLUDE\N76E003.H: 'P07': redefinitio
             -n
*** ERROR C231 IN LINE 275 OF \HEXINYUAN_PROJECT\BRANTYU项目交接\新建文件夹\ORIGIN\INCLUDE\N76E003.H: 'RXD': redefinitio
             -n
*** ERROR C231 IN LINE 276 OF \HEXINYUAN_PROJECT\BRANTYU项目交接\新建文件夹\ORIGIN\INCLUDE\N76E003.H: 'P06': redefinitio
             -n
*** ERROR C231 IN LINE 277 OF \HEXINYUAN_PROJECT\BRANTYU项目交接\新建文件夹\ORIGIN\INCLUDE\N76E003.H: 'TXD': redefinitio
             -n
*** ERROR C231 IN LINE 278 OF \HEXINYUAN_PROJECT\BRANTYU项目交接\新建文件夹\ORIGIN\INCLUDE\N76E003.H: 'P05': redefinitio
             -n
*** ERROR C231 IN LINE 279 OF \HEXINYUAN_PROJECT\BRANTYU项目交接\新建文件夹\ORIGIN\INCLUDE\N76E003.H: 'P04': redefinitio
             -n
*** ERROR C231 IN LINE 280 OF \HEXINYUAN_PROJECT\BRANTYU项目交接\新建文件夹\ORIGIN\INCLUDE\N76E003.H: 'STADC': redefinit
             -ion
*** ERROR C231 IN LINE 281 OF \HEXINYUAN_PROJECT\BRANTYU项目交接\新建文件夹\ORIGIN\INCLUDE\N76E003.H: 'P03': redefinitio
             -n
*** ERROR C231 IN LINE 282 OF \HEXINYUAN_PROJECT\BRANTYU项目交接\新建文件夹\ORIGIN\INCLUDE\N76E003.H: 'P02': redefinitio
             -n
*** ERROR C231 IN LINE 283 OF \HEXINYUAN_PROJECT\BRANTYU项目交接\新建文件夹\ORIGIN\INCLUDE\N76E003.H: 'RXD_1': redefinit
             -ion
*** ERROR C231 IN LINE 284 OF \HEXINYUAN_PROJECT\BRANTYU项目交接\新建文件夹\ORIGIN\INCLUDE\N76E003.H: 'P01': redefinitio
             -n
*** ERROR C231 IN LINE 285 OF \HEXINYUAN_PROJECT\BRANTYU项目交接\新建文件夹\ORIGIN\INCLUDE\N76E003.H: 'MISO': redefiniti
             -on
*** ERROR C231 IN LINE 286 OF \HEXINYUAN_PROJECT\BRANTYU项目交接\新建文件夹\ORIGIN\INCLUDE\N76E003.H: 'P00': redefinitio
             -n
*** ERROR C231 IN LINE 287 OF \HEXINYUAN_PROJECT\BRANTYU项目交接\新建文件夹\ORIGIN\INCLUDE\N76E003.H: 'MOSI': redefiniti
             -on
  17          
  18          
  19          void Timer0_Init(void)                //定时器0初始化
  20          {
  21   1        TIMER0_MODE1_ENABLE;               //定时器0  模式1
  22   1        clr_T0M;                           //选择12分频
  23   1        TH0 = (TIMER_DIV12_VALUE_1ms)/256; //1ms初值高八位
*** ERROR C202 IN LINE 23 OF ..\BSP\TIMER0_M1.C: 'TIMER_DIV12_VALUE_1ms': undefined identifier
  24   1        TL0 = (TIMER_DIV12_VALUE_1ms)%256; //1ms初值第八位
*** ERROR C202 IN LINE 24 OF ..\BSP\TIMER0_M1.C: 'TIMER_DIV12_VALUE_1ms': undefined identifier
  25   1        set_ET0;                           //开启定时器0中断
  26   1        set_TR0;                           //定时器0启动
  27   1      }
  28          
  29          

C51 COMPILATION COMPLETE.  1 WARNING(S),  234 ERROR(S)
