C51 COMPILER V9.01   TREADMILLS                                                            03/30/2023 10:09:09 PAGE 1   


C51 COMPILER V9.01, COMPILATION OF MODULE TREADMILLS
OBJECT MODULE PLACED IN .\Output\treadmills.obj
COMPILER INVOKED BY: D:\Keil\C51\BIN\C51.EXE ..\user\treadmills.c LARGE OPTIMIZE(7,SPEED) BROWSE INCDIR(..\Library\Devic
                    -e\Include;..\Library\StdDriver\inc;..\user;..\driver;..\bsp;..\Include;..\common) DEBUG OBJECTEXTEND PRINT(.\LST\treadmi
                    -lls.lst) TABS(2) OBJECT(.\Output\treadmills.obj)

line level    source

   1          /*
   2           * treadmills.c
   3           *
   4           *  Created on: 2019年12月12日
   5           *      Author: Administrator
   6           */
   7          #include "common.h"
   8          #include "treadmills.h"
   9          #include "keypad.h"
  10          #include "led_disp.h"
  11          #include "keypad_fun.h"
  12          #include "uart_frame.h"
  13          #include "indecate.h"
  14          #include "7_segment.h"
  15          #include "beep.h"
  16          #include "uart.h"
  17          #include "param.h"
  18          static void treadmills_display (index);
  19          
  20          treadmills_t treadmills;
  21          
  22          extern u8 set_param_en;
  23          extern s8 param_speed;
  24          
  25          
  26          void treadmills_init(void)
  27          {
  28   1        treadmills.ack=0;
  29   1        treadmills.param.second=0;
  30   1        treadmills.param.speed=100;
  31   1        
  32   1        treadmills.param.beep_status = BEEP_SWITCH_ON;  //0表示蜂鸣器开，1表示关
  33   1      }
  34          
  35          u8 map_speed(u8 speed)
  36          {
  37   1        float voltage;
  38   1        u8 tar_speed;
  39   1        voltage=GET_SPEED_VOLTAGE(speed);
  40   1      
  41   1        tar_speed=MAP_VOLTAGE_2_SPEED(voltage)/10;
  42   1        return tar_speed;
  43   1      }
  44          
  45          static const u8 boot_disp_tab[]=
  46          {
  47          #if(0)
                  SEG_UP_,
                  SEG_DWN_,
                  SEG__
              #else
  52              NUM_0,
  53              NUM_0,
C51 COMPILER V9.01   TREADMILLS                                                            03/30/2023 10:09:09 PAGE 2   

  54              NUM_0,
  55          #endif
  56          };
  57          
  58          
  59          static const u8 run_disp_tab[]=
  60          {
  61              NUM_3,
  62              NUM_2,
  63              NUM_1
  64          };
  65          
  66          
  67          u8 booktime_en=0;
  68          u8 booktime_cnt=0;
  69          //时基 10ms
  70          void boot_time(void)
  71          {
  72   1        if(booktime_en==0){booktime_cnt=0;return;}
  73   1        booktime_cnt++;
  74   1        if(booktime_cnt>STOP_DISPLAY_INTERVAL)//18
  75   1        {
  76   2          booktime_cnt=0;
  77   2          if(treadmills.param.speed>=10)
  78   2          {
  79   3            treadmills.param.speed-=10;
  80   3          }
  81   2          else
  82   2          {
  83   3            treadmills.param.speed=0;
  84   3          }
  85   2          treadmills.display.index=0;//速度档
  86   2          treadmills_display(treadmills.display.index);
  87   2      
  88   2          if(treadmills.param.speed==0)
  89   2          {
  90   3            booktime_cnt=0;
  91   3            booktime_en=0;
  92   3          }
  93   2        }
  94   1      
  95   1      }
  96          
  97          void treadmills_param_calc(void)
  98          {
  99   1          static float distance=0;
 100   1        if(treadmills.status !=STATUS_RUNNING){distance=0;return;}
 101   1      
 102   1      
 103   1        if(param.index==PARAM_SET_TIME)
 104   1        {
 105   2          if(treadmills.param.second){treadmills.param.second--;}
 106   2          else
 107   2          {
 108   3            treadmills.status=STATUS_STOP;
 109   3            key_mask =0x00;
 110   3            if(treadmills.param.beep_status == BEEP_SWITCH_ON)
 111   3            {
 112   4                beep_set(STOP_BEEP_CNT,STOP_BEEP_ON_TICKS,STOP_BEEP_OFF_TICKS);
 113   4            }
 114   3            else
 115   3            {}
C51 COMPILER V9.01   TREADMILLS                                                            03/30/2023 10:09:09 PAGE 3   

 116   3      
 117   3          }
 118   2        }
 119   1        else
 120   1        {
 121   2          treadmills.param.second++;
 122   2          //增加定时功能---必须和键盘统一
 123   2          if(treadmills.param.second>=3600)//
 124   2          {
 125   3            treadmills.status=STATUS_STOP;
 126   3            key_mask =0x00;
 127   3            
 128   3            if(treadmills.param.beep_status == BEEP_SWITCH_ON)
 129   3            {
 130   4                beep_set(STOP_BEEP_CNT,STOP_BEEP_ON_TICKS,STOP_BEEP_OFF_TICKS);
 131   4            }
 132   3            else
 133   3            {}
 134   3          }
 135   2        }
 136   1      
 137   1      
 138   1        if(param.index==PARAM_SET_DISTANCE)
 139   1        {
 140   2          distance+=((float)(treadmills.param.speed))/360.0;//米/秒  单位：米
 141   2      
 142   2          treadmills.param.distance-=((float)(treadmills.param.speed))/360.0;//米/秒  单位：米
 143   2      
 144   2          if(treadmills.param.distance<10)
 145   2          {
 146   3            treadmills.status=STATUS_STOP;
 147   3            key_mask =0x00;
 148   3            if(treadmills.param.beep_status == BEEP_SWITCH_ON)
 149   3            {
 150   4                beep_set(STOP_BEEP_CNT,STOP_BEEP_ON_TICKS,STOP_BEEP_OFF_TICKS);
 151   4            }
 152   3            else
 153   3            {}
 154   3          }
 155   2        }
 156   1        else
 157   1        {
 158   2          /**
 159   2          * distance=V*t
 160   2          *         =(((float)treadmills.param.speed/100.0)*1000.0)/(3600.0)
 161   2          */
 162   2          treadmills.param.distance+=((float)(treadmills.param.speed))/360.0;//米/秒  单位：米
 163   2          distance=treadmills.param.distance;
 164   2        }
 165   1      
 166   1      
 167   1        if(param.index==PARAM_SET_CALORIE)
 168   1        {
 169   2          if(treadmills.param.calorie>=(((float)(treadmills.param.speed))/360.0)*80)//80千卡/千米 =0.080K/M  单位:
             -卡
 170   2          {
 171   3            treadmills.param.calorie-=(((float)(treadmills.param.speed))/360.0)*80;
 172   3          }
 173   2          else
 174   2          {
 175   3            treadmills.param.calorie=0;
 176   3            treadmills.status=STATUS_STOP;
C51 COMPILER V9.01   TREADMILLS                                                            03/30/2023 10:09:09 PAGE 4   

 177   3            key_mask =0x00;
 178   3            
 179   3            if(treadmills.param.beep_status == BEEP_SWITCH_ON)
 180   3            {
 181   4                beep_set(STOP_BEEP_CNT,STOP_BEEP_ON_TICKS,STOP_BEEP_OFF_TICKS);
 182   4            }
 183   3            else
 184   3            {}
 185   3          }
 186   2        }
 187   1        else
 188   1        {
 189   2          treadmills.param.calorie=distance*80;//80千卡/千米 =0.080K/M  单位:卡
 190   2        }
 191   1      
 192   1        treadmills_display(treadmills.display.index);
 193   1      }
 194          
 195          //时基 100ms
 196          void treadmills_proc_loop(void)
 197          {
 198   1        u8 tar_speed;
 199   1        static u8 cnt=0,timeout=0;
 200   1          static u8 val=0;
 201   1        switch(treadmills.status)
 202   1        {
 203   2          case STATUS_POWERON:
 204   2              cnt++;
 205   2              if(cnt>1)//10
 206   2              {
 207   3                cnt=0;
 208   3                indecate.led_speed=LED_OFF;
 209   3                indecate.led_distance=LED_OFF;
 210   3                indecate.led_calorie=LED_OFF;
 211   3                indecate.led_auto=LED_ON;//LED_OFF;
 212   3                indecate.led_time=LED_ON;
 213   3                indecate.led_back_light = LED_ON;//2023.3.22
 214   3                  
 215   3                indecate.led_updp = LED_OFF;//LED_ON;
 216   3                indecate.led_downdp = LED_OFF;//LED_ON;
 217   3      
 218   3                set_bit_seg(0,boot_disp_tab[val]);
 219   3                set_bit_seg(1,boot_disp_tab[val]);
 220   3                set_bit_seg(2,boot_disp_tab[val]);
 221   3                set_bit_seg(3,boot_disp_tab[val]);
 222   3      
 223   3                treadmills.display.index=1;//时间档位
 224   3                treadmills.param.second=0;
 225   3                //treadmills_display(treadmills.display.index);
 226   3                treadmills.status=STATUS_WAIT;
 227   3      
 228   3                uart_tx_frame.cmd=CMD_READ_PARAM;
 229   3                uart_tx_frame.len=1;
 230   3                uart_tx_frame.buf[0]=0x00;
 231   3                UART_Send_Buf(UART0,(UINT8*)&uart_tx_frame,sizeof(uart_tx_frame));
 232   3      
 233   3                //key_mask= BTN_ONOFF |BTN_MODE;
 234   3                key_mask=0xff;
 235   3              }
 236   2          break;
 237   2        case STATUS_WAIT:
 238   2          break;
C51 COMPILER V9.01   TREADMILLS                                                            03/30/2023 10:09:09 PAGE 5   

 239   2        case STATUS_RUN:    
 240   2          if(cnt==0)
 241   2          {
 242   3             BEEP_SWITCH_ON_1_CNT(); //2023.3.27
 243   3      
 244   3              set_bit_seg(0,run_disp_tab[val]);
 245   3              set_bit_seg(1,run_disp_tab[val]);
 246   3              set_bit_seg(2,run_disp_tab[val]);
 247   3              set_bit_seg(3,run_disp_tab[val]);
 248   3              cnt=1;
 249   3              val=1;
 250   3            
 251   3                indecate.led_auto=LED_OFF;   //~~~~~~~~
 252   3                indecate.led_updp = LED_OFF;
 253   3                indecate.led_downdp = LED_OFF;
 254   3            
 255   3          }
 256   2          else
 257   2          {
 258   3            cnt++;
 259   3             if(cnt>10)
 260   3            {
 261   4               cnt=1;
 262   4              BEEP_SWITCH_ON_1_CNT(); //2023.3.27
 263   4              if(val<=2)
 264   4              {
 265   5                set_bit_seg(0,run_disp_tab[val]);
 266   5                set_bit_seg(1,run_disp_tab[val]);
 267   5                set_bit_seg(2,run_disp_tab[val]);
 268   5                set_bit_seg(3,run_disp_tab[val]);
 269   5                val++;
 270   5                
 271   5                indecate.led_auto=LED_OFF;   //~~~~~~~~
 272   5                indecate.led_updp = LED_OFF;
 273   5                indecate.led_downdp = LED_OFF;
 274   5      
 275   5              }
 276   4              else
 277   4              {
 278   5                val=0;
 279   5                treadmills.param.speed=100;
 280   5      
 281   5                tar_speed=map_speed(treadmills.param.speed/10);
 282   5                uart_frame_tx_2(CMD_STATUS,STATUS_MOTOR_RUN,tar_speed);
 283   5                uart_frame_tx_2(CMD_STATUS,STATUS_MOTOR_RUN,tar_speed);
 284   5      
 285   5                treadmills.status=STATUS_RUNNING;
 286   5                treadmills.display.index=0;//速度档
 287   5                treadmills_display(treadmills.display.index);
 288   5              }
 289   4            }
 290   3          }
 291   2          break;
 292   2        case STATUS_RUNNING:
 293   2          break;
 294   2        case STATUS_STOP:
 295   2          indecate.led_auto=LED_OFF;
 296   2          treadmills.display.mode=IDEL;
 297   2          treadmills.param.second=0;
 298   2          treadmills.param.second=0;
 299   2          treadmills.param.distance=0;
 300   2          treadmills.param.calorie=0;
C51 COMPILER V9.01   TREADMILLS                                                            03/30/2023 10:09:09 PAGE 6   

 301   2      
 302   2          uart_frame_tx(CMD_STATUS,STATUS_MOTOR_STOP);
 303   2          uart_frame_tx(CMD_STATUS,STATUS_MOTOR_STOP);
 304   2      
 305   2            booktime_cnt=0;
 306   2            booktime_en=1;
 307   2            param.book_en=0;
 308   2            param.index=0;
 309   2            cnt=0;
 310   2            timeout=0;
 311   2            treadmills.status=STATUS_STOP_WAIT;
 312   2      
 313   2          break;
 314   2        case STATUS_STOP_WAIT:
 315   2          timeout++;
 316   2          if(timeout>STOP_WAIT_TIMEOUT)//超时退出 5*5=25   //100
 317   2          {
 318   3            timeout=0;
 319   3            treadmills.status=STATUS_STOP_OVER;
 320   3          }
 321   2          break;
 322   2        case STATUS_STOP_OVER:
 323   2          cnt++;
 324   2          if(cnt>3)//5=约1秒
 325   2          {
 326   3            indecate.led_auto= LED_ON;//LED_OFF;  //~~~~~2023.3.16
 327   3            treadmills.display.mode=IDEL;
 328   3            treadmills.param.second=0;
 329   3            treadmills.param.second=0;
 330   3            treadmills.param.distance=0;
 331   3            treadmills.param.calorie=0;
 332   3      
 333   3            treadmills.display.index= 2;//1时间档 //现在2是时间档2023.3.27
 334   3            treadmills_display(treadmills.display.index);
 335   3            key_mask =BTN_ONOFF|BTN_MODE;
 336   3            booktime_en=0;
 337   3            param.book_en=0;
 338   3            param.index=0;
 339   3            treadmills.status=STATUS_WAIT;      
 340   3            cnt=0;
 341   3            val=0;
 342   3            beep_force_stop();
 343   3          }
 344   2          break;
 345   2        case STATUS_ERROR:
 346   2            key_mask=0x00;//关闭所有的按键功能
 347   2            set_bit_seg(0,SEG_E);
 348   2            set_bit_seg(1,SEG_R);
 349   2            set_bit_seg(2,seg_num[0]);
 350   2            set_bit_seg(3,seg_num[treadmills.error_code]);
 351   2      
 352   2            indecate.led_speed=LED_OFF;
 353   2            indecate.led_distance=LED_OFF;
 354   2            indecate.led_calorie=LED_OFF;
 355   2            indecate.led_auto=LED_OFF;
 356   2            indecate.led_time=LED_OFF;
 357   2            indecate.led_updp=LED_OFF;
 358   2            indecate.led_downdp=LED_OFF;
 359   2            treadmills.status=IDEL;
 360   2            treadmills.display.mode=IDEL;
 361   2            treadmills.status=IDEL;
 362   2      
C51 COMPILER V9.01   TREADMILLS                                                            03/30/2023 10:09:09 PAGE 7   

 363   2            if(treadmills.param.beep_status == BEEP_SWITCH_ON)
 364   2            {
 365   3                 beep_set(1,ERROR_ON_TICKS,ERROR_OFF_TICKS);
 366   3            }
 367   2            else
 368   2            {}
 369   2           
 370   2           break;
 371   2        default:
 372   2          cnt=0;
 373   2          break;
 374   2        }
 375   1      }
 376          
 377          
 378          void treadmills_display (index)
 379          {
 380   1        u8 high,low;
 381   1        u8 beep_status;
 382   1        float val;
 383   1        if(index == PARAM_SET_SPEED_ADC)//显示速度 km/hour
 384   1          {
 385   2          indecate.led_speed=LED_ON;
 386   2          indecate.led_distance=LED_OFF;
 387   2          indecate.led_calorie=LED_OFF;
 388   2          //indecate.led_auto=LED_OFF;
 389   2          indecate.led_time=LED_OFF;
 390   2          indecate.led_updp=LED_OFF;
 391   2          indecate.led_downdp=LED_ON;
 392   2      
 393   2          high=treadmills.param.speed/100;
 394   2          low=treadmills.param.speed%100;
 395   2          set_seg_two(high,low);
 396   2          }
 397   1          else if( index == PARAM_SET_BEEP)  //2023.3.27
 398   1          {
 399   2              indecate.led_speed=LED_OFF;
 400   2              indecate.led_distance=LED_OFF;
 401   2              indecate.led_calorie=LED_OFF;
 402   2              indecate.led_auto=LED_OFF;
 403   2              indecate.led_time=LED_OFF;
 404   2              indecate.led_updp=LED_OFF;
 405   2              indecate.led_downdp=LED_OFF;
 406   2              beep_status = treadmills.param.beep_status;
 407   2      
 408   2              if( beep_status == BEEP_SWITCH_ON)
 409   2              {
 410   3                set_bit_seg(0,SEG_O);
 411   3                set_bit_seg(1,SEG_N);
 412   3                set_bit_seg(2,SEG_ALL_OFF);
 413   3                set_bit_seg(3,SEG_ALL_OFF);
 414   3      
 415   3              }
 416   2              else if( beep_status == BEEP_SWITCH_OFF)
 417   2              {
 418   3                set_bit_seg(0,SEG_O);
 419   3                set_bit_seg(1,SEG_F);
 420   3                set_bit_seg(2,SEG_F);
 421   3                set_bit_seg(3,SEG_ALL_OFF);  
 422   3              }
 423   2      
 424   2          } 
C51 COMPILER V9.01   TREADMILLS                                                            03/30/2023 10:09:09 PAGE 8   

 425   1          else if(index == PARAM_SET_TIME)//时间:mm:ss
 426   1          {
 427   2            indecate.led_speed=LED_OFF;
 428   2            indecate.led_distance=LED_OFF;
 429   2            indecate.led_calorie=LED_OFF;
 430   2            //indecate.led_auto=LED_OFF;
 431   2            indecate.led_time=LED_ON;
 432   2            indecate.led_updp=LED_ON;
 433   2            indecate.led_downdp=LED_ON;
 434   2      
 435   2            high=((treadmills.param.second/60)%100);
 436   2            low=treadmills.param.second%60;
 437   2            set_seg_two(high,low);
 438   2          }
 439   1          else if(index == PARAM_SET_DISTANCE )//路程 km
 440   1          {
 441   2            indecate.led_speed=LED_OFF;
 442   2            indecate.led_distance=LED_ON;
 443   2            indecate.led_calorie=LED_OFF;
 444   2            //indecate.led_auto=LED_OFF;
 445   2            indecate.led_time=LED_OFF;
 446   2            indecate.led_updp=LED_OFF;
 447   2            indecate.led_downdp=LED_ON;
 448   2            if(treadmills.param.distance>99990)
 449   2            {
 450   3              treadmills.param.distance=99990;
 451   3            }
 452   2            val=(treadmills.param.distance);
 453   2            high=((u32)val/1000);
 454   2            low=((u32)val/10)%100;
 455   2      
 456   2            set_seg_two(high,low);
 457   2          }
 458   1          else if(index == PARAM_SET_CALORIE )//卡洛里 kcal
 459   1          {
 460   2            indecate.led_speed=LED_OFF;
 461   2            indecate.led_distance=LED_OFF;
 462   2            indecate.led_calorie=LED_ON;
 463   2            //indecate.led_auto=LED_OFF;
 464   2            indecate.led_time=LED_OFF;
 465   2            indecate.led_updp=LED_OFF;
 466   2            indecate.led_downdp=LED_OFF;
 467   2      
 468   2            //treadmills.param.calorie//单位：卡
 469   2            if(treadmills.param.calorie<=99000)//=99.99千卡
 470   2            {
 471   3              indecate.led_downdp=LED_ON;
 472   3      
 473   3              high=(treadmills.param.calorie/1000);
 474   3              low=(treadmills.param.calorie%1000)/10;
 475   3            }
 476   2            else
 477   2            {
 478   3      //        indecate.led_downdp=LED_OFF;
 479   3               if(treadmills.param.calorie<=999000.00)//999.00千卡
 480   3               {
 481   4                  high=(treadmills.param.calorie/1000)/10;
 482   4                  low=((treadmills.param.calorie/100)%100);
 483   4               }
 484   3            }
 485   2            set_seg_two(high,low);
 486   2            set_bit_seg(3,SEG_ALL_OFF);//强制关闭显示
C51 COMPILER V9.01   TREADMILLS                                                            03/30/2023 10:09:09 PAGE 9   

 487   2          }
 488   1          else{}
 489   1      }
 490          
 491          
 492          
 493          //时基 100ms
 494          void treadmills_disp_loop(void)
 495          {
 496   1        static u8 cnt=0;
 497   1        switch(treadmills.display.mode)
 498   1        {
 499   2          case DISP_MODE_AUTO:
 500   2                            cnt=0;
 501   2                            //显示时间
 502   2                            treadmills.display.index=0;  //2023.3.16
 503   2                            treadmills_display(treadmills.display.index);
 504   2                            treadmills.display.mode=DISP_MODE_TO_AUTO;
 505   2                            indecate.led_auto=LED_ON;
 506   2                            break;
 507   2          case DISP_MODE_TO_AUTO:
 508   2                            cnt++;
 509   2                            if(cnt>50)  //50
 510   2                            {
 511   3                              cnt=0;
 512   3                              treadmills.display.index++;  
 513   3                              if( treadmills.display.index == 1)  //运行状态跳过蜂鸣器的显示
 514   3                              {
 515   4                                treadmills.display.index++;
 516   4                              }  
 517   3                              if(treadmills.display.index>=5){treadmills.display.index=0;}  //4
 518   3                              
 519   3                              treadmills_display(treadmills.display.index);
 520   3      
 521   3                              indecate.led_auto=LED_ON;
 522   3                            }
 523   2                            break;
 524   2          case DISP_MODE_SINGLE:
 525   2                            treadmills_display(treadmills.display.index);
 526   2                            indecate.led_auto=LED_OFF;
 527   2                            treadmills.display.mode=IDEL; //  
 528   2                            break;
 529   2          default:
 530   2                            break;
 531   2        }
 532   1      
 533   1      }
 534          
 535          
 536          
 537          
 538          
 539          #if(1)
 540          void communication_checkout(void)
 541          {
 542   1        static u8 timeout=0;
 543   1        static u8 sm=0;
 544   1        static u8 error_cnt=0;
 545   1        switch(sm)
 546   1        {
 547   2        case 0:
 548   2          treadmills.ack=0;
C51 COMPILER V9.01   TREADMILLS                                                            03/30/2023 10:09:09 PAGE 10  

 549   2          uart_frame_tx(CMD_ACK,treadmills.ack);
 550   2          //LED1=0;//点亮
 551   2          debug_printf("\r\n send ack");
 552   2          timeout=0;
 553   2          sm=1;
 554   2          break;
 555   2        case 1:
 556   2          timeout++;
 557   2          if(treadmills.ack==0)
 558   2          {
 559   3            uart_frame_tx(CMD_ACK,treadmills.ack);
 560   3            if(timeout>1)
 561   3            {
 562   4              timeout=0;
 563   4              error_cnt++;
 564   4              if(error_cnt>10)
 565   4              {
 566   5                treadmills.error_code=ERROR_COMM;
 567   5                treadmills.status=STATUS_ERROR;
 568   5                sm=2;
 569   5                debug_printf("\r\n --->wait ack  timeout");
 570   5                if(treadmills.param.beep_status == BEEP_SWITCH_ON)
 571   5                {
 572   6                 beep_set(3,ERROR_ON_TICKS,ERROR_OFF_TICKS);
 573   6                }
 574   5                else
 575   5                {}
 576   5                
 577   5              }
 578   4              else
 579   4              {
 580   5                sm=0;
 581   5              }
 582   4            }
 583   3          }
 584   2          else
 585   2          {
 586   3            error_cnt=0;
 587   3            sm=0;
 588   3          }
 589   2          break;
 590   2        case 2:
 591   2          break;
 592   2        default:
 593   2          break;
 594   2        }
 595   1      
 596   1      }
 597          
 598          #endif


MODULE INFORMATION:   STATIC OVERLAYABLE
   CODE SIZE        =   2871    ----
   CONSTANT SIZE    =   ----    ----
   XDATA SIZE       =     70      14
   PDATA SIZE       =   ----    ----
   DATA SIZE        =   ----    ----
   IDATA SIZE       =   ----    ----
   BIT SIZE         =   ----    ----
END OF MODULE INFORMATION.


C51 COMPILATION COMPLETE.  0 WARNING(S),  0 ERROR(S)
