C51 COMPILER V9.01   UART                                                                  03/30/2023 10:09:09 PAGE 1   


C51 COMPILER V9.01, COMPILATION OF MODULE UART
OBJECT MODULE PLACED IN .\Output\uart.obj
COMPILER INVOKED BY: D:\Keil\C51\BIN\C51.EXE ..\bsp\uart.c LARGE OPTIMIZE(7,SPEED) BROWSE INCDIR(..\Library\Device\Inclu
                    -de;..\Library\StdDriver\inc;..\user;..\driver;..\bsp;..\Include;..\common) DEBUG OBJECTEXTEND PRINT(.\LST\uart.lst) TABS
                    -(2) OBJECT(.\Output\uart.obj)

line level    source

   1          #include "common.h"
   2          #include "uart.h"
   3          
   4          
   5          
   6          
   7          unsigned char Receive_Data(unsigned char UARTPort)
   8          {
   9   1          UINT8 c;
  10   1          switch (UARTPort)
  11   1          {
  12   2            case UART0:
  13   2              while (!RI);
  14   2              c = SBUF;
  15   2              RI = 0;
  16   2            break;
  17   2            case UART1:
  18   2              while (!RI_1);
  19   2              c = SBUF_1;
  20   2              RI_1 = 0;
  21   2            break;
  22   2          }
  23   1          return (c);
  24   1      }
  25          
  26          void UART_Send_Data(UINT8 UARTPort, UINT8 c)
  27          {
  28   1          switch (UARTPort)
  29   1          {
  30   2            case UART0:
  31   2              TI = 0;
  32   2              SBUF = c;
  33   2              while(TI==0);
  34   2            break;
  35   2            case UART1:
  36   2              TI_1 = 0;
  37   2              SBUF_1 = c;
  38   2              while(TI_1==0);
  39   2            break;
  40   2          }
  41   1      }
  42          
  43          
  44          void UART_Send_Value(UINT8 UARTPort, UINT16 val)
  45          {
  46   1        UART_Send_Data(UARTPort,(val/10000)+0x30);
  47   1        UART_Send_Data(UARTPort,((val%10000)/1000)+0x30);
  48   1        UART_Send_Data(UARTPort,((val%1000)/100)+0x30);
  49   1        UART_Send_Data(UARTPort,((val%100)/10)+0x30);
  50   1        UART_Send_Data(UARTPort,(val%10)+0x30);
  51   1      }
  52          
  53          
C51 COMPILER V9.01   UART                                                                  03/30/2023 10:09:09 PAGE 2   

  54          
  55          
  56          
  57          
  58          void UART_Send_String(UINT8 UARTPort, UINT8 *ptr)
  59          {
  60   1        while(*ptr)
  61   1        {
  62   2          UART_Send_Data(UARTPort,*ptr);
  63   2          ptr++;
  64   2        }
  65   1      }
  66          
  67          
  68          void UART_Send_Buf(UINT8 UARTPort, UINT8 *ptr,UINT8 len)
  69          {
  70   1        for(;len>0;len--)
  71   1        {
  72   2          UART_Send_Data(UARTPort,*ptr);
  73   2          ptr++;
  74   2        }
  75   1      }
  76          
  77          
  78          


MODULE INFORMATION:   STATIC OVERLAYABLE
   CODE SIZE        =    261    ----
   CONSTANT SIZE    =   ----    ----
   XDATA SIZE       =   ----       6
   PDATA SIZE       =   ----    ----
   DATA SIZE        =   ----    ----
   IDATA SIZE       =   ----    ----
   BIT SIZE         =   ----    ----
END OF MODULE INFORMATION.


C51 COMPILATION COMPLETE.  0 WARNING(S),  0 ERROR(S)
